# configure exec: ./configure --prefix=/home/marcos/projetos/envisia/projetos2.0/slqKafka/node_modules/node-rdkafka/build/deps --libdir=/home/marcos/projetos/envisia/projetos2.0/slqKafka/node_modules/node-rdkafka/build/deps --prefix=/home/marcos/projetos/envisia/projetos2.0/slqKafka/node_modules/node-rdkafka/build/deps --libdir=/home/marcos/projetos/envisia/projetos2.0/slqKafka/node_modules/node-rdkafka/build/deps
# On Fri Apr  9 01:01:46 PM -03 2021
DBG 87059: Setting distro (distro) status to ok (action ignore)
DBG 87059: ccenv: WITH_CC:  --version failed: mklove/modules/configure.base: line 1754: --version: command not found
DBG 87059: Setting ccenv (ccenv) status to failed (action cont)
DBG 87059: Check ccenv (WITH_CC, action cont (originally cont)) failed: command ' --version' failed:
mklove/modules/configure.base: line 1754: --version: command not found
DBG 87059: Setting gcc (gcc) status to ok (action cont)
DBG 87059: cxxenv: WITH_CXX:  --version failed: mklove/modules/configure.base: line 1754: --version: command not found
DBG 87059: Setting cxxenv (cxxenv) status to failed (action cont)
DBG 87059: Check cxxenv (WITH_CXX, action cont (originally cont)) failed: command ' --version' failed:
mklove/modules/configure.base: line 1754: --version: command not found
DBG 87059: Setting gxx (gxx) status to ok (action cont)
DBG 87059: Setting ld (ld) status to ok (action disable)
DBG 87059: Setting nm (nm) status to ok (action disable)
DBG 87059: Setting objdump (objdump) status to ok (action disable)
DBG 87059: Setting strip (strip) status to ok (action disable)
DBG 87059: libtool: : libtool is not executable: 
DBG 87059: Setting libtool (libtool) status to failed (action disable)
DBG 87059: Check libtool (, action disable (originally disable)) failed: libtool is not executable
DBG 87059: Setting pkgconfig (pkgconfig) status to ok (action cont)
DBG 87059: Setting install (install) status to ok (action cont)
DBG 87059: Compile check PIC (HAVE_PIC) (sub=0): gcc  -g -O2 -Wall -Werror _mkltmpr8JcQw.c -o _mkltmpr8JcQw.c.o  -L/home/marcos/projetos/envisia/projetos2.0/slqKafka/node_modules/node-rdkafka/build/deps -fPIC
DBG 87059: Setting PIC (PIC) status to ok (action disable)
DBG 87059: Compile check gnulib (WITH_GNULD) (sub=0): gcc  -g -O2 -fPIC -Wall -Werror _mkltmphi2HcD.c -o _mkltmphi2HcD.c.o  -L/home/marcos/projetos/envisia/projetos2.0/slqKafka/node_modules/node-rdkafka/build/deps -shared -Wl,-soname,mkltest.0
DBG 87059: Setting gnulib (gnulib) status to ok (action cont)
DBG 87059: Compile check ldsflagvs () (sub=0): gcc  -g -O2 -fPIC -Wall -Werror _mkltmpiDGM1n.c -o _mkltmpiDGM1n.c.o  -L/home/marcos/projetos/envisia/projetos2.0/slqKafka/node_modules/node-rdkafka/build/deps -shared -Wl,--version-script=_mkltmpCUH4Ap
DBG 87059: Setting ldsflagvs (ldsflagvs) status to ok (action cont)
DBG 87059: Compile check __atomic_32 (HAVE_ATOMICS_32) (sub=0): gcc  -g -O2 -fPIC -Wall -Werror _mkltmps4Hx9U.c -o _mkltmps4Hx9U.c.o  -L/home/marcos/projetos/envisia/projetos2.0/slqKafka/node_modules/node-rdkafka/build/deps 
DBG 87059: Setting __atomic_32 (__atomic_32) status to ok (action cont)
DBG 87059: Compile check __atomic_64 (HAVE_ATOMICS_64) (sub=0): gcc  -g -O2 -fPIC -Wall -Werror _mkltmpj2Kc6M.c -o _mkltmpj2Kc6M.c.o  -L/home/marcos/projetos/envisia/projetos2.0/slqKafka/node_modules/node-rdkafka/build/deps 
DBG 87059: Setting __atomic_64 (__atomic_64) status to ok (action cont)
DBG 87059: Compile check socket () (sub=0): gcc  -g -O2 -fPIC -Wall -Wsign-compare -Wfloat-equal -Wpointer-arith -Wcast-align -Wall -Werror _mkltmpXvvHpN.c -o _mkltmpXvvHpN.c.o  -L/home/marcos/projetos/envisia/projetos2.0/slqKafka/node_modules/node-rdkafka/build/deps 
DBG 87059: Setting socket (socket) status to ok (action cont)
DBG 87059: Setting parseversion (parseversion) status to ok (action cont)
DBG 87059: pkg-config check librt for CFLAGS (): pkg-config --short-errors --cflags librt
DBG 87059: 'pkg-config --short-errors --cflags librt' failed: No package 'librt' found
DBG 87059: Setting librt_PKGCONFIG (librt_PKGCONFIG) status to failed (action cont)
DBG 87059: Check librt_PKGCONFIG (, action cont (originally cont)) failed: 'pkg-config --short-errors --cflags librt' failed:
No package 'librt' found
DBG 87059: librt: Check for static library (libs -lrt, arfile variable STATIC_LIB_librt=, static filenames )
DBG 87059: Compile check librt () (sub=0): gcc  -g -O2 -fPIC -Wall -Wsign-compare -Wfloat-equal -Wpointer-arith -Wcast-align -Wall -Werror _mkltmp3OZHjw.c -o _mkltmp3OZHjw.c.o  -L/home/marcos/projetos/envisia/projetos2.0/slqKafka/node_modules/node-rdkafka/build/deps -lrt
DBG 87059: Setting librt (librt) status to ok (action cont)
DBG 87059: librt: from lib_check: LIBS: prepend -lrt
DBG 87059: pkg-config check libpthread for CFLAGS (): pkg-config --short-errors --cflags libpthread
DBG 87059: 'pkg-config --short-errors --cflags libpthread' failed: No package 'libpthread' found
DBG 87059: Setting libpthread_PKGCONFIG (libpthread_PKGCONFIG) status to failed (action cont)
DBG 87059: Check libpthread_PKGCONFIG (, action cont (originally cont)) failed: 'pkg-config --short-errors --cflags libpthread' failed:
No package 'libpthread' found
DBG 87059: libpthread: Check for static library (libs -lpthread, arfile variable STATIC_LIB_libpthread=, static filenames )
DBG 87059: Compile check libpthread () (sub=0): gcc  -g -O2 -fPIC -Wall -Wsign-compare -Wfloat-equal -Wpointer-arith -Wcast-align -Wall -Werror _mkltmp069b2w.c -o _mkltmp069b2w.c.o  -L/home/marcos/projetos/envisia/projetos2.0/slqKafka/node_modules/node-rdkafka/build/deps -lpthread
DBG 87059: Setting libpthread (libpthread) status to ok (action fail)
DBG 87059: libpthread: from lib_check: LIBS: prepend -lpthread
DBG 87059: pkg-config check c11threads for CFLAGS (WITH_C11THREADS): pkg-config --short-errors --cflags c11threads
DBG 87059: 'pkg-config --short-errors --cflags c11threads' failed: No package 'c11threads' found
DBG 87059: Setting c11threads_PKGCONFIG (c11threads_PKGCONFIG) status to failed (action cont)
DBG 87059: Check c11threads_PKGCONFIG (, action cont (originally cont)) failed: 'pkg-config --short-errors --cflags c11threads' failed:
No package 'c11threads' found
DBG 87059: c11threads: Check for static library (libs -lpthread -lrt, arfile variable STATIC_LIB_c11threads=, static filenames )
DBG 87059: Compile check c11threads (WITH_C11THREADS) (sub=0): gcc  -g -O2 -fPIC -Wall -Wsign-compare -Wfloat-equal -Wpointer-arith -Wcast-align -Wall -Werror _mkltmpCYRhhW.c -o _mkltmpCYRhhW.c.o  -L/home/marcos/projetos/envisia/projetos2.0/slqKafka/node_modules/node-rdkafka/build/deps -lpthread -lrt
DBG 87059: Setting c11threads (c11threads) status to ok (action disable)
DBG 87059: c11threads: from lib_check: LIBS: prepend -lpthread -lrt
DBG 87059: pkg-config check libdl for CFLAGS (WITH_LIBDL): pkg-config --short-errors --cflags libdl
DBG 87059: 'pkg-config --short-errors --cflags libdl' failed: No package 'libdl' found
DBG 87059: Setting libdl_PKGCONFIG (libdl_PKGCONFIG) status to failed (action cont)
DBG 87059: Check libdl_PKGCONFIG (, action cont (originally cont)) failed: 'pkg-config --short-errors --cflags libdl' failed:
No package 'libdl' found
DBG 87059: libdl: Check for static library (libs -ldl, arfile variable STATIC_LIB_libdl=, static filenames )
DBG 87059: Compile check libdl (WITH_LIBDL) (sub=0): gcc  -g -O2 -fPIC -Wall -Wsign-compare -Wfloat-equal -Wpointer-arith -Wcast-align -Wall -Werror _mkltmp8MOQ8G.c -o _mkltmp8MOQ8G.c.o  -L/home/marcos/projetos/envisia/projetos2.0/slqKafka/node_modules/node-rdkafka/build/deps -ldl
DBG 87059: Setting libdl (libdl) status to ok (action disable)
DBG 87059: libdl: from lib_check: LIBS: prepend -ldl
DBG 87059: pkg-config check zlib for CFLAGS (WITH_ZLIB): pkg-config --short-errors --cflags zlib
DBG 87059: pkg-config check zlib for LIBS (WITH_ZLIB): pkg-config --short-errors --libs zlib
DBG 87059: zlib: from pkg-config: CFLAGS '', LIBS '-ldl -lpthread -lrt -lpthread -lrt'
DBG 87059: zlib: performing compile check using pkg-config info
DBG 87059: Compile check zlib (WITH_ZLIB) (sub=1): gcc  -g -O2 -fPIC -Wall -Wsign-compare -Wfloat-equal -Wpointer-arith -Wcast-align -Wall -Werror _mkltmpFou5hY.c -o _mkltmpFou5hY.c.o  -L/home/marcos/projetos/envisia/projetos2.0/slqKafka/node_modules/node-rdkafka/build/deps  -lz
DBG 87059: zlib: Check for static library (libs -lz, arfile variable STATIC_LIB_zlib=, static filenames libz.a)
DBG 87059: zlib: from pkg-config: LIBS: prepend -lz
DBG 87059: Setting zlib (zlib) status to ok (action cont)
DBG 87059: pkg-config check libcrypto for CFLAGS (): pkg-config --short-errors --cflags libcrypto
DBG 87059: pkg-config check libcrypto for LIBS (): pkg-config --short-errors --libs libcrypto
DBG 87059: libcrypto: from pkg-config: CFLAGS '', LIBS '-lz -ldl -lpthread -lrt -lpthread -lrt'
DBG 87059: libcrypto: performing compile check using pkg-config info
DBG 87059: Compile check libcrypto () (sub=1): gcc  -g -O2 -fPIC -Wall -Wsign-compare -Wfloat-equal -Wpointer-arith -Wcast-align -Wall -Werror _mkltmp5db93D.c -o _mkltmp5db93D.c.o  -L/home/marcos/projetos/envisia/projetos2.0/slqKafka/node_modules/node-rdkafka/build/deps  -lcrypto
DBG 87059: libcrypto: Check for static library (libs -lcrypto, arfile variable STATIC_LIB_libcrypto=, static filenames libcrypto.a)
DBG 87059: libcrypto: from pkg-config: LIBS: prepend -lcrypto
DBG 87059: Setting libcrypto (libcrypto) status to ok (action cont)
DBG 87059: pkg-config check libssl for CFLAGS (WITH_SSL): pkg-config --short-errors --cflags libssl
DBG 87059: pkg-config check libssl for LIBS (WITH_SSL): pkg-config --short-errors --libs libssl
DBG 87059: libssl: from pkg-config: CFLAGS '', LIBS '-lcrypto -lz -ldl -lpthread -lrt -lpthread -lrt'
DBG 87059: libssl: performing compile check using pkg-config info
DBG 87059: Compile check libssl (WITH_SSL) (sub=1): gcc  -g -O2 -fPIC -Wall -Wsign-compare -Wfloat-equal -Wpointer-arith -Wcast-align -Wall -Werror _mkltmpFBwx6E.c -o _mkltmpFBwx6E.c.o  -L/home/marcos/projetos/envisia/projetos2.0/slqKafka/node_modules/node-rdkafka/build/deps  -lssl
DBG 87059: libssl: Check for static library (libs -lssl, arfile variable STATIC_LIB_libssl=, static filenames libssl.a)
DBG 87059: libssl: from pkg-config: LIBS: prepend -lssl
DBG 87059: Setting libssl (libssl) status to ok (action cont)
DBG 87059: pkg-config check libsasl2 for CFLAGS (WITH_SASL_CYRUS): pkg-config --short-errors --cflags libsasl2
DBG 87059: 'pkg-config --short-errors --cflags libsasl2' failed: No package 'libsasl2' found
DBG 87059: Setting libsasl2_PKGCONFIG (libsasl2_PKGCONFIG) status to failed (action cont)
DBG 87059: Check libsasl2_PKGCONFIG (, action cont (originally cont)) failed: 'pkg-config --short-errors --cflags libsasl2' failed:
No package 'libsasl2' found
DBG 87059: libsasl2: Check for static library (libs -lsasl2, arfile variable STATIC_LIB_libsasl2=, static filenames )
DBG 87059: Compile check libsasl2 (WITH_SASL_CYRUS) (sub=0): gcc  -g -O2 -fPIC -Wall -Wsign-compare -Wfloat-equal -Wpointer-arith -Wcast-align -Wall -Werror _mkltmpBUVQ4l.c -o _mkltmpBUVQ4l.c.o  -L/home/marcos/projetos/envisia/projetos2.0/slqKafka/node_modules/node-rdkafka/build/deps -lsasl2
DBG 87059: compile check for libsasl2 (WITH_SASL_CYRUS) failed: gcc  -g -O2 -fPIC -Wall -Wsign-compare -Wfloat-equal -Wpointer-arith -Wcast-align -Wall -Werror _mkltmpBUVQ4l.c -o _mkltmpBUVQ4l.c.o  -L/home/marcos/projetos/envisia/projetos2.0/slqKafka/node_modules/node-rdkafka/build/deps -lsasl2: _mkltmpBUVQ4l.c:3:10: fatal error: sasl/sasl.h: No such file or directory
    3 | #include <sasl/sasl.h>
      |          ^~~~~~~~~~~~~
compilation terminated.
DBG 87059: Setting libsasl2 (libsasl2) status to failed (action disable)
DBG 87059: Check libsasl2 (WITH_SASL_CYRUS, action disable (originally disable)) failed: compile check failed:
CC: CC
flags: -lsasl2
gcc  -g -O2 -fPIC -Wall -Wsign-compare -Wfloat-equal -Wpointer-arith -Wcast-align -Wall -Werror _mkltmpBUVQ4l.c -o _mkltmpBUVQ4l.c.o  -L/home/marcos/projetos/envisia/projetos2.0/slqKafka/node_modules/node-rdkafka/build/deps -lsasl2:
_mkltmpBUVQ4l.c:3:10: fatal error: sasl/sasl.h: No such file or directory
    3 | #include <sasl/sasl.h>
      |          ^~~~~~~~~~~~~
compilation terminated.
source: 
#include <stddef.h>
#include <sasl/sasl.h>

DBG 87059: pkg-config check libsasl for CFLAGS (WITH_SASL_CYRUS): pkg-config --short-errors --cflags libsasl
DBG 87059: 'pkg-config --short-errors --cflags libsasl' failed: No package 'libsasl' found
DBG 87059: Setting libsasl_PKGCONFIG (libsasl_PKGCONFIG) status to failed (action cont)
DBG 87059: Check libsasl_PKGCONFIG (, action cont (originally cont)) failed: 'pkg-config --short-errors --cflags libsasl' failed:
No package 'libsasl' found
DBG 87059: libsasl: Check for static library (libs -lsasl, arfile variable STATIC_LIB_libsasl=, static filenames )
DBG 87059: Compile check libsasl (WITH_SASL_CYRUS) (sub=0): gcc  -g -O2 -fPIC -Wall -Wsign-compare -Wfloat-equal -Wpointer-arith -Wcast-align -Wall -Werror _mkltmpI30rv2.c -o _mkltmpI30rv2.c.o  -L/home/marcos/projetos/envisia/projetos2.0/slqKafka/node_modules/node-rdkafka/build/deps -lsasl
DBG 87059: compile check for libsasl (WITH_SASL_CYRUS) failed: gcc  -g -O2 -fPIC -Wall -Wsign-compare -Wfloat-equal -Wpointer-arith -Wcast-align -Wall -Werror _mkltmpI30rv2.c -o _mkltmpI30rv2.c.o  -L/home/marcos/projetos/envisia/projetos2.0/slqKafka/node_modules/node-rdkafka/build/deps -lsasl: _mkltmpI30rv2.c:3:10: fatal error: sasl/sasl.h: No such file or directory
    3 | #include <sasl/sasl.h>
      |          ^~~~~~~~~~~~~
compilation terminated.
DBG 87059: Setting libsasl (libsasl) status to failed (action disable)
DBG 87059: Check libsasl (WITH_SASL_CYRUS, action disable (originally disable)) failed: compile check failed:
CC: CC
flags: -lsasl
gcc  -g -O2 -fPIC -Wall -Wsign-compare -Wfloat-equal -Wpointer-arith -Wcast-align -Wall -Werror _mkltmpI30rv2.c -o _mkltmpI30rv2.c.o  -L/home/marcos/projetos/envisia/projetos2.0/slqKafka/node_modules/node-rdkafka/build/deps -lsasl:
_mkltmpI30rv2.c:3:10: fatal error: sasl/sasl.h: No such file or directory
    3 | #include <sasl/sasl.h>
      |          ^~~~~~~~~~~~~
compilation terminated.
source: 
#include <stddef.h>
#include <sasl/sasl.h>

DBG 87059: pkg-config check libzstd for CFLAGS (WITH_ZSTD): pkg-config --short-errors --cflags libzstd
DBG 87059: 'pkg-config --short-errors --cflags libzstd' failed: No package 'libzstd' found
DBG 87059: Setting libzstd_PKGCONFIG (libzstd_PKGCONFIG) status to failed (action cont)
DBG 87059: Check libzstd_PKGCONFIG (, action cont (originally cont)) failed: 'pkg-config --short-errors --cflags libzstd' failed:
No package 'libzstd' found
DBG 87059: libzstd: Check for static library (libs -lzstd, arfile variable STATIC_LIB_libzstd=, static filenames libzstd.a)
DBG 87059: Compile check libzstd (WITH_ZSTD) (sub=0): gcc  -g -O2 -fPIC -Wall -Wsign-compare -Wfloat-equal -Wpointer-arith -Wcast-align -Wall -Werror _mkltmp2xWVqc.c -o _mkltmp2xWVqc.c.o  -L/home/marcos/projetos/envisia/projetos2.0/slqKafka/node_modules/node-rdkafka/build/deps -lzstd
DBG 87059: compile check for libzstd (WITH_ZSTD) failed: gcc  -g -O2 -fPIC -Wall -Wsign-compare -Wfloat-equal -Wpointer-arith -Wcast-align -Wall -Werror _mkltmp2xWVqc.c -o _mkltmp2xWVqc.c.o  -L/home/marcos/projetos/envisia/projetos2.0/slqKafka/node_modules/node-rdkafka/build/deps -lzstd: _mkltmp2xWVqc.c:2:10: fatal error: zstd.h: No such file or directory
    2 | #include <zstd.h>
      |          ^~~~~~~~
compilation terminated.
DBG 87059: Setting libzstd (libzstd) status to failed (action disable)
DBG 87059: Check libzstd (WITH_ZSTD, action disable (originally disable)) failed: compile check failed:
CC: CC
flags: -lzstd
gcc  -g -O2 -fPIC -Wall -Wsign-compare -Wfloat-equal -Wpointer-arith -Wcast-align -Wall -Werror _mkltmp2xWVqc.c -o _mkltmp2xWVqc.c.o  -L/home/marcos/projetos/envisia/projetos2.0/slqKafka/node_modules/node-rdkafka/build/deps -lzstd:
_mkltmp2xWVqc.c:2:10: fatal error: zstd.h: No such file or directory
    2 | #include <zstd.h>
      |          ^~~~~~~~
compilation terminated.
source: 
#include <zstd.h>
#include <zstd_errors.h>

void foo (void) {
     ZSTD_getFrameContentSize(NULL, 0);
}

DBG 87059: pkg-config check libm for CFLAGS (): pkg-config --short-errors --cflags libm
DBG 87059: 'pkg-config --short-errors --cflags libm' failed: No package 'libm' found
DBG 87059: Setting libm_PKGCONFIG (libm_PKGCONFIG) status to failed (action cont)
DBG 87059: Check libm_PKGCONFIG (, action cont (originally cont)) failed: 'pkg-config --short-errors --cflags libm' failed:
No package 'libm' found
DBG 87059: libm: Check for static library (libs -lm, arfile variable STATIC_LIB_libm=, static filenames )
DBG 87059: Compile check libm () (sub=0): gcc  -g -O2 -fPIC -Wall -Wsign-compare -Wfloat-equal -Wpointer-arith -Wcast-align -Wall -Werror _mkltmpeJuu9O.c -o _mkltmpeJuu9O.c.o  -L/home/marcos/projetos/envisia/projetos2.0/slqKafka/node_modules/node-rdkafka/build/deps -lm
DBG 87059: Setting libm (libm) status to ok (action disable)
DBG 87059: libm: from lib_check: LIBS: prepend -lm
DBG 87059: pkg-config check liblz4 for CFLAGS (WITH_LZ4_EXT): pkg-config --short-errors --cflags liblz4
DBG 87059: 'pkg-config --short-errors --cflags liblz4' failed: No package 'liblz4' found
DBG 87059: Setting liblz4_PKGCONFIG (liblz4_PKGCONFIG) status to failed (action cont)
DBG 87059: Check liblz4_PKGCONFIG (, action cont (originally cont)) failed: 'pkg-config --short-errors --cflags liblz4' failed:
No package 'liblz4' found
DBG 87059: liblz4: Check for static library (libs -llz4, arfile variable STATIC_LIB_liblz4=, static filenames liblz4.a)
DBG 87059: Compile check liblz4 (WITH_LZ4_EXT) (sub=0): gcc  -g -O2 -fPIC -Wall -Wsign-compare -Wfloat-equal -Wpointer-arith -Wcast-align -Wall -Werror _mkltmpS2oBfQ.c -o _mkltmpS2oBfQ.c.o  -L/home/marcos/projetos/envisia/projetos2.0/slqKafka/node_modules/node-rdkafka/build/deps -llz4
DBG 87059: compile check for liblz4 (WITH_LZ4_EXT) failed: gcc  -g -O2 -fPIC -Wall -Wsign-compare -Wfloat-equal -Wpointer-arith -Wcast-align -Wall -Werror _mkltmpS2oBfQ.c -o _mkltmpS2oBfQ.c.o  -L/home/marcos/projetos/envisia/projetos2.0/slqKafka/node_modules/node-rdkafka/build/deps -llz4: _mkltmpS2oBfQ.c:1:10: fatal error: lz4frame.h: No such file or directory
    1 | #include <lz4frame.h>
      |          ^~~~~~~~~~~~
compilation terminated.
DBG 87059: Setting liblz4 (liblz4) status to failed (action disable)
DBG 87059: Check liblz4 (WITH_LZ4_EXT, action disable (originally disable)) failed: compile check failed:
CC: CC
flags: -llz4
gcc  -g -O2 -fPIC -Wall -Wsign-compare -Wfloat-equal -Wpointer-arith -Wcast-align -Wall -Werror _mkltmpS2oBfQ.c -o _mkltmpS2oBfQ.c.o  -L/home/marcos/projetos/envisia/projetos2.0/slqKafka/node_modules/node-rdkafka/build/deps -llz4:
_mkltmpS2oBfQ.c:1:10: fatal error: lz4frame.h: No such file or directory
    1 | #include <lz4frame.h>
      |          ^~~~~~~~~~~~
compilation terminated.
source: #include <lz4frame.h>
DBG 87059: Compile check syslog (WITH_SYSLOG) (sub=0): gcc  -g -O2 -fPIC -Wall -Wsign-compare -Wfloat-equal -Wpointer-arith -Wcast-align -Wall -Werror _mkltmp7Ua2Y2.c -o _mkltmp7Ua2Y2.c.o  -L/home/marcos/projetos/envisia/projetos2.0/slqKafka/node_modules/node-rdkafka/build/deps 
DBG 87059: Setting syslog (syslog) status to ok (action disable)
DBG 87059: Compile check rapidjson (WITH_RAPIDJSON) (sub=0): g++  -g -O2 -fPIC -Wall -Wsign-compare -Wfloat-equal -Wpointer-arith -Wcast-align -Wall -Werror _mkltmpfqH8o9.cpp -o _mkltmpfqH8o9.cpp.o  -L/home/marcos/projetos/envisia/projetos2.0/slqKafka/node_modules/node-rdkafka/build/deps 
DBG 87059: compile check for rapidjson (WITH_RAPIDJSON) failed: g++  -g -O2 -fPIC -Wall -Wsign-compare -Wfloat-equal -Wpointer-arith -Wcast-align -Wall -Werror _mkltmpfqH8o9.cpp -o _mkltmpfqH8o9.cpp.o  -L/home/marcos/projetos/envisia/projetos2.0/slqKafka/node_modules/node-rdkafka/build/deps : _mkltmpfqH8o9.cpp:1:10: fatal error: rapidjson/schema.h: No such file or directory
    1 | #include <rapidjson/schema.h>
      |          ^~~~~~~~~~~~~~~~~~~~
compilation terminated.
DBG 87059: Setting rapidjson (rapidjson) status to failed (action disable)
DBG 87059: Check rapidjson (WITH_RAPIDJSON, action disable (originally disable)) failed: compile check failed:
CC: CXX
flags: 
g++  -g -O2 -fPIC -Wall -Wsign-compare -Wfloat-equal -Wpointer-arith -Wcast-align -Wall -Werror _mkltmpfqH8o9.cpp -o _mkltmpfqH8o9.cpp.o  -L/home/marcos/projetos/envisia/projetos2.0/slqKafka/node_modules/node-rdkafka/build/deps :
_mkltmpfqH8o9.cpp:1:10: fatal error: rapidjson/schema.h: No such file or directory
    1 | #include <rapidjson/schema.h>
      |          ^~~~~~~~~~~~~~~~~~~~
compilation terminated.
source: #include <rapidjson/schema.h>
DBG 87059: Compile check crc32chw (WITH_CRC32C_HW) (sub=0): gcc  -g -O2 -fPIC -Wall -Wsign-compare -Wfloat-equal -Wpointer-arith -Wcast-align -Wall -Werror _mkltmpp43HqO.c -o _mkltmpp43HqO.c.o  -L/home/marcos/projetos/envisia/projetos2.0/slqKafka/node_modules/node-rdkafka/build/deps 
DBG 87059: Setting crc32chw (crc32chw) status to ok (action disable)
DBG 87059: Compile check regex (HAVE_REGEX) (sub=0): gcc  -g -O2 -fPIC -Wall -Wsign-compare -Wfloat-equal -Wpointer-arith -Wcast-align -Wall -Werror _mkltmp0ngUeb.c -o _mkltmp0ngUeb.c.o  -L/home/marcos/projetos/envisia/projetos2.0/slqKafka/node_modules/node-rdkafka/build/deps 
DBG 87059: Setting regex (regex) status to ok (action disable)
DBG 87059: Compile check strndup (HAVE_STRNDUP) (sub=0): gcc  -g -O2 -fPIC -Wall -Wsign-compare -Wfloat-equal -Wpointer-arith -Wcast-align -Wall -Werror _mkltmp0pQimP.c -o _mkltmp0pQimP.c.o  -L/home/marcos/projetos/envisia/projetos2.0/slqKafka/node_modules/node-rdkafka/build/deps 
DBG 87059: Setting strndup (strndup) status to ok (action disable)
DBG 87059: Compile check strlcpy (HAVE_STRLCPY) (sub=0): gcc  -g -O2 -fPIC -Wall -Wsign-compare -Wfloat-equal -Wpointer-arith -Wcast-align -Wall -Werror _mkltmpVHhPBx.c -o _mkltmpVHhPBx.c.o  -L/home/marcos/projetos/envisia/projetos2.0/slqKafka/node_modules/node-rdkafka/build/deps 
DBG 87059: compile check for strlcpy (HAVE_STRLCPY) failed: gcc  -g -O2 -fPIC -Wall -Wsign-compare -Wfloat-equal -Wpointer-arith -Wcast-align -Wall -Werror _mkltmpVHhPBx.c -o _mkltmpVHhPBx.c.o  -L/home/marcos/projetos/envisia/projetos2.0/slqKafka/node_modules/node-rdkafka/build/deps : _mkltmpVHhPBx.c: In function ‘foo’:
_mkltmpVHhPBx.c:6:11: error: implicit declaration of function ‘strlcpy’; did you mean ‘strncpy’? [-Werror=implicit-function-declaration]
    6 |    return strlcpy(dest, "something", sizeof(dest));
      |           ^~~~~~~
      |           strncpy
cc1: all warnings being treated as errors
DBG 87059: Setting strlcpy (strlcpy) status to failed (action disable)
DBG 87059: Check strlcpy (HAVE_STRLCPY, action disable (originally disable)) failed: compile check failed:
CC: CC
flags: 
gcc  -g -O2 -fPIC -Wall -Wsign-compare -Wfloat-equal -Wpointer-arith -Wcast-align -Wall -Werror _mkltmpVHhPBx.c -o _mkltmpVHhPBx.c.o  -L/home/marcos/projetos/envisia/projetos2.0/slqKafka/node_modules/node-rdkafka/build/deps :
_mkltmpVHhPBx.c: In function ‘foo’:
_mkltmpVHhPBx.c:6:11: error: implicit declaration of function ‘strlcpy’; did you mean ‘strncpy’? [-Werror=implicit-function-declaration]
    6 |    return strlcpy(dest, "something", sizeof(dest));
      |           ^~~~~~~
      |           strncpy
cc1: all warnings being treated as errors
source: 
#define _DARWIN_C_SOURCE
#include <string.h>
int foo (void) {
    char dest[4];
   return strlcpy(dest, "something", sizeof(dest));
}
DBG 87059: Compile check strerror_r (HAVE_STRERROR_R) (sub=0): gcc  -g -O2 -fPIC -Wall -Wsign-compare -Wfloat-equal -Wpointer-arith -Wcast-align -Wall -Werror _mkltmppky0WI.c -o _mkltmppky0WI.c.o  -L/home/marcos/projetos/envisia/projetos2.0/slqKafka/node_modules/node-rdkafka/build/deps 
DBG 87059: Setting strerror_r (strerror_r) status to ok (action disable)
DBG 87059: Compile check pthread_setname_gnu (HAVE_PTHREAD_SETNAME_GNU) (sub=0): gcc  -g -O2 -fPIC -Wall -Wsign-compare -Wfloat-equal -Wpointer-arith -Wcast-align -Wall -Werror _mkltmp9upUgV.c -o _mkltmp9upUgV.c.o  -L/home/marcos/projetos/envisia/projetos2.0/slqKafka/node_modules/node-rdkafka/build/deps -D_GNU_SOURCE -lpthread
DBG 87059: Setting pthread_setname_gnu (pthread_setname_gnu) status to ok (action disable)
DBG 87059: Setting nm (nm) status to ok (action cont)
DBG 87059: Setting python3 (python3) status to ok (action disable)
DBG 87059: Compile check getrusage (HAVE_GETRUSAGE) (sub=0): gcc  -g -O2 -fPIC -Wall -Wsign-compare -Wfloat-equal -Wpointer-arith -Wcast-align -Wall -Werror _mkltmpN40fk2.c -o _mkltmpN40fk2.c.o  -L/home/marcos/projetos/envisia/projetos2.0/slqKafka/node_modules/node-rdkafka/build/deps 
DBG 87059: Setting getrusage (getrusage) status to ok (action disable)
